<?xml version="1.0" encoding="UTF-8"?>
<!-- Generated by org.testng.reporters.JUnitXMLReporter -->
<testsuite hostname="LAPTOP-CJQ9RU0K" ignored="0" name="Test" tests="4" failures="0" timestamp="2023-01-09T16:08:36 IST" time="25.291" errors="0">
  <testcase name="test4" time="15.199" classname="TestCases.ParallelTest"/>
  <testcase name="test1" time="24.168" classname="TestCases.ParallelTest"/>
  <testcase name="test3" time="24.833" classname="TestCases.ParallelTest"/>
  <testcase name="test2" time="25.269" classname="TestCases.ParallelTest"/>
</testsuite> <!-- Test -->
