<?xml version="1.0" encoding="UTF-8"?>
<testng-results skipped="0" failed="0" ignored="0" total="4" passed="4">
  <reporter-output>
  </reporter-output>
  <suite name="Suite" duration-ms="25291" started-at="2023-01-09T16:08:11 IST" finished-at="2023-01-09T16:08:36 IST">
    <groups>
    </groups>
    <test name="Test" duration-ms="25291" started-at="2023-01-09T16:08:11 IST" finished-at="2023-01-09T16:08:36 IST">
      <class name="TestCases.ParallelTest">
        <test-method status="PASS" signature="test1()[pri:0, instance:TestCases.ParallelTest@3cb1ffe6]" name="test1" duration-ms="24168" started-at="2023-01-09T16:08:11 IST" finished-at="2023-01-09T16:08:35 IST">
          <reporter-output>
          </reporter-output>
        </test-method> <!-- test1 -->
        <test-method status="PASS" signature="test4()[pri:0, instance:TestCases.ParallelTest@3cb1ffe6]" name="test4" duration-ms="15199" started-at="2023-01-09T16:08:11 IST" finished-at="2023-01-09T16:08:26 IST">
          <reporter-output>
          </reporter-output>
        </test-method> <!-- test4 -->
        <test-method status="PASS" signature="test2()[pri:0, instance:TestCases.ParallelTest@3cb1ffe6]" name="test2" duration-ms="25269" started-at="2023-01-09T16:08:11 IST" finished-at="2023-01-09T16:08:36 IST">
          <reporter-output>
          </reporter-output>
        </test-method> <!-- test2 -->
        <test-method status="PASS" signature="test3()[pri:0, instance:TestCases.ParallelTest@3cb1ffe6]" name="test3" duration-ms="24833" started-at="2023-01-09T16:08:11 IST" finished-at="2023-01-09T16:08:35 IST">
          <reporter-output>
          </reporter-output>
        </test-method> <!-- test3 -->
      </class> <!-- TestCases.ParallelTest -->
    </test> <!-- Test -->
  </suite> <!-- Suite -->
</testng-results>
